<?xml version="1.0" encoding="UTF-8"?>
<testsuite xmlns:xsi="http://www.w3.org/2001/XMLSchema-instance" xsi:noNamespaceSchemaLocation="https://maven.apache.org/surefire/maven-surefire-plugin/xsd/surefire-test-report-3.0.xsd" version="3.0" name="de.fachhochschule.dortmund.bads.CoreConfigurationTest" time="0.738" tests="15" errors="0" skipped="0" failures="0">
  <properties>
[...]
</properties>
  <testcase name="testAutowire" classname="de.fachhochschule.dortmund.bads.CoreConfigurationTest" time="0.006">
    <system-out><![CDATA[22:24:48 [main]  INFO CoreConfiguration - === Starting Core System Autowiring ===
22:24:48 [main]  WARN AGVManagementConfiguration - AGVManagementConfiguration already autowired
22:24:48 [main]  WARN TaskManagementConfiguration - TaskManagementConfiguration already autowired
22:24:48 [main]  WARN StorageManagementConfiguration - StorageManagementConfiguration already autowired
22:24:48 [main]  WARN TruckManagementConfiguration - TruckManagementConfiguration already autowired
22:24:48 [main]  WARN ObservabilityConfiguration - ObservabilityConfiguration already autowired
22:24:48 [main]  INFO CoreConfiguration - All configurations autowired. Initializing systems...
22:24:48 [main]  INFO TaskManagement - TaskManagement initialized with priority-based queue
22:24:48 [main]  INFO Systems - System CLOCKING started
22:24:48 [main]  INFO Systems - System TASK_MANAGEMENT started
22:24:48 [Thread-38]  INFO ClockingSimulation - ClockingSimulation started with 3 registered tickables
22:24:48 [TaskManagement-Thread]  INFO TaskManagement - Task Management System started
22:24:48 [main]  INFO Systems - System STORAGE_MANAGEMENT started
22:24:48 [StorageManagement-Thread]  INFO StorageManagement - Storage Management System started
22:24:48 [main]  INFO Systems - System OBSERVATION started
22:24:48 [main]  INFO CoreConfiguration - === Core System Autowiring Complete ===
22:24:48 [main]  INFO CoreConfiguration - Systems running: CLOCKING, AGV_FLEET, TASK_MANAGEMENT, STORAGE_MANAGEMENT, OBSERVATION
22:24:48 [main]  INFO CoreConfiguration - === Initiating System Shutdown ===
22:24:48 [Observation-Thread]  INFO Observation - Observation System started
22:24:48 [Observation-Thread]  INFO Observation - Observation System stopped after 0 collection cycles in 0ms. Total events collected: 0 (avg: {:.2f}ms per cycle)
22:24:48 [main]  INFO Systems - System OBSERVATION stopped
22:24:48 [StorageManagement-Thread]  INFO StorageManagement - Storage Management System interrupted after 1 maintenance cycles
22:24:48 [StorageManagement-Thread]  INFO StorageManagement - Storage Management System stopped after 1 maintenance cycles in 1ms (avg: {:.2f}ms per cycle)
22:24:48 [main]  INFO Systems - System STORAGE_MANAGEMENT stopped
22:24:48 [TaskManagement-Thread]  INFO TaskManagement - Task Management System interrupted after 1 cycles
22:24:48 [TaskManagement-Thread]  INFO TaskManagement - Task Management System stopped after 1 cycles in 2ms (avg: {:.2f}ms per cycle)
22:24:48 [main]  INFO Systems - System TASK_MANAGEMENT stopped
22:24:48 [Thread-38]  INFO ClockingSimulation - ClockingSimulation interrupted after 1 ticks
22:24:48 [Thread-38]  INFO ClockingSimulation - ClockingSimulation stopped after 1 ticks in 3ms (avg: {:.2f}ms per tick)
22:24:48 [main]  INFO Systems - System CLOCKING stopped
22:24:48 [main]  INFO CoreConfiguration - === System Shutdown Complete ===
]]></system-out>
  </testcase>
  <testcase name="testNewStorage" classname="de.fachhochschule.dortmund.bads.CoreConfigurationTest" time="0.001">
    <system-out><![CDATA[22:24:48 [main]  INFO Area - Graph initialized with 5 nodes
22:24:48 [main]  INFO StorageCell - Created StorageCell - Type: ANY, Max dimensions: 100x100x100, Max volume: 1000000
22:24:48 [main]  INFO StorageCell - Created StorageCell - Type: ANY, Max dimensions: 100x100x100, Max volume: 1000000
22:24:48 [main]  INFO StorageCell - Created StorageCell - Type: ANY, Max dimensions: 100x100x100, Max volume: 1000000
22:24:48 [main]  INFO StorageCell - Created StorageCell - Type: ANY, Max dimensions: 100x100x100, Max volume: 1000000
22:24:48 [main]  INFO StorageCell - Created StorageCell - Type: ANY, Max dimensions: 100x100x100, Max volume: 1000000
22:24:48 [main]  INFO Storage - Storage initialized with 5 cells, 0 charging stations at: 
]]></system-out>
  </testcase>
  <testcase name="testSingletonInstance" classname="de.fachhochschule.dortmund.bads.CoreConfigurationTest" time="0.0"/>
  <testcase name="testNewStorageCell" classname="de.fachhochschule.dortmund.bads.CoreConfigurationTest" time="0.001">
    <system-out><![CDATA[22:24:48 [main]  INFO StorageCell - Created StorageCell - Type: AMBIENT, Max dimensions: 100x100x100, Max volume: 1000000
]]></system-out>
  </testcase>
  <testcase name="testNewProcess" classname="de.fachhochschule.dortmund.bads.CoreConfigurationTest" time="0.0"/>
  <testcase name="testInitialAutowireStatus" classname="de.fachhochschule.dortmund.bads.CoreConfigurationTest" time="0.0"/>
  <testcase name="testMultipleAutowireCalls" classname="de.fachhochschule.dortmund.bads.CoreConfigurationTest" time="0.004">
    <system-out><![CDATA[22:24:48 [main]  INFO CoreConfiguration - === Starting Core System Autowiring ===
22:24:48 [main]  WARN AGVManagementConfiguration - AGVManagementConfiguration already autowired
22:24:48 [main]  WARN TaskManagementConfiguration - TaskManagementConfiguration already autowired
22:24:48 [main]  WARN StorageManagementConfiguration - StorageManagementConfiguration already autowired
22:24:48 [main]  WARN TruckManagementConfiguration - TruckManagementConfiguration already autowired
22:24:48 [main]  WARN ObservabilityConfiguration - ObservabilityConfiguration already autowired
22:24:48 [main]  INFO CoreConfiguration - All configurations autowired. Initializing systems...
22:24:48 [main]  INFO TaskManagement - TaskManagement initialized with priority-based queue
22:24:48 [main]  INFO Systems - System CLOCKING started
22:24:48 [Thread-39]  INFO ClockingSimulation - ClockingSimulation started with 3 registered tickables
22:24:48 [main]  INFO Systems - System TASK_MANAGEMENT started
22:24:48 [TaskManagement-Thread]  INFO TaskManagement - Task Management System started
22:24:48 [main]  INFO Systems - System STORAGE_MANAGEMENT started
22:24:48 [StorageManagement-Thread]  INFO StorageManagement - Storage Management System started
22:24:48 [main]  INFO Systems - System OBSERVATION started
22:24:48 [main]  INFO CoreConfiguration - === Core System Autowiring Complete ===
22:24:48 [main]  INFO CoreConfiguration - Systems running: CLOCKING, AGV_FLEET, TASK_MANAGEMENT, STORAGE_MANAGEMENT, OBSERVATION
22:24:48 [main]  WARN CoreConfiguration - CoreConfiguration is already autowired!
22:24:48 [main]  INFO CoreConfiguration - === Initiating System Shutdown ===
22:24:48 [Observation-Thread]  INFO Observation - Observation System started
22:24:48 [Observation-Thread]  INFO Observation - Observation System stopped after 0 collection cycles in 0ms. Total events collected: 0 (avg: {:.2f}ms per cycle)
22:24:48 [main]  INFO Systems - System OBSERVATION stopped
22:24:48 [StorageManagement-Thread]  INFO StorageManagement - Storage Management System interrupted after 1 maintenance cycles
22:24:48 [StorageManagement-Thread]  INFO StorageManagement - Storage Management System stopped after 1 maintenance cycles in 1ms (avg: {:.2f}ms per cycle)
22:24:48 [main]  INFO Systems - System STORAGE_MANAGEMENT stopped
22:24:48 [TaskManagement-Thread]  INFO TaskManagement - Task Management System interrupted after 1 cycles
22:24:48 [TaskManagement-Thread]  INFO TaskManagement - Task Management System stopped after 1 cycles in 2ms (avg: {:.2f}ms per cycle)
22:24:48 [main]  INFO Systems - System TASK_MANAGEMENT stopped
22:24:48 [Thread-39]  INFO ClockingSimulation - ClockingSimulation interrupted after 1 ticks
22:24:48 [Thread-39]  INFO ClockingSimulation - ClockingSimulation stopped after 1 ticks in 2ms (avg: {:.2f}ms per tick)
22:24:48 [main]  INFO Systems - System CLOCKING stopped
22:24:48 [main]  INFO CoreConfiguration - === System Shutdown Complete ===
]]></system-out>
  </testcase>
  <testcase name="testShutdown" classname="de.fachhochschule.dortmund.bads.CoreConfigurationTest" time="0.713">
    <system-out><![CDATA[22:24:48 [main]  INFO CoreConfiguration - === Starting Core System Autowiring ===
22:24:48 [main]  WARN AGVManagementConfiguration - AGVManagementConfiguration already autowired
22:24:48 [main]  WARN TaskManagementConfiguration - TaskManagementConfiguration already autowired
22:24:48 [main]  WARN StorageManagementConfiguration - StorageManagementConfiguration already autowired
22:24:48 [main]  WARN TruckManagementConfiguration - TruckManagementConfiguration already autowired
22:24:48 [main]  WARN ObservabilityConfiguration - ObservabilityConfiguration already autowired
22:24:48 [main]  INFO CoreConfiguration - All configurations autowired. Initializing systems...
22:24:48 [main]  INFO TaskManagement - TaskManagement initialized with priority-based queue
22:24:48 [main]  INFO Systems - System CLOCKING started
22:24:48 [Thread-40]  INFO ClockingSimulation - ClockingSimulation started with 3 registered tickables
22:24:48 [TaskManagement-Thread]  INFO TaskManagement - Task Management System started
22:24:48 [main]  INFO Systems - System TASK_MANAGEMENT started
22:24:48 [main]  INFO Systems - System STORAGE_MANAGEMENT started
22:24:48 [StorageManagement-Thread]  INFO StorageManagement - Storage Management System started
22:24:48 [main]  INFO Systems - System OBSERVATION started
22:24:48 [main]  INFO CoreConfiguration - === Core System Autowiring Complete ===
22:24:48 [main]  INFO CoreConfiguration - Systems running: CLOCKING, AGV_FLEET, TASK_MANAGEMENT, STORAGE_MANAGEMENT, OBSERVATION
22:24:48 [Observation-Thread]  INFO Observation - Observation System started
22:24:48 [main]  INFO CoreConfiguration - === Initiating System Shutdown ===
22:24:48 [Observation-Thread]  INFO Observation - Observation System interrupted after 1 collection cycles
22:24:48 [Observation-Thread]  INFO Observation - Observation System stopped after 1 collection cycles in 105ms. Total events collected: 1 (avg: {:.2f}ms per cycle)
22:24:48 [main]  INFO Systems - System OBSERVATION stopped
22:24:48 [StorageManagement-Thread]  INFO StorageManagement - Storage Management System interrupted after 1 maintenance cycles
22:24:48 [StorageManagement-Thread]  INFO StorageManagement - Storage Management System stopped after 1 maintenance cycles in 106ms (avg: {:.2f}ms per cycle)
22:24:48 [main]  INFO Systems - System STORAGE_MANAGEMENT stopped
22:24:48 [TaskManagement-Thread]  INFO TaskManagement - Task Management System interrupted after 1 cycles
22:24:48 [TaskManagement-Thread]  INFO TaskManagement - Task Management System stopped after 1 cycles in 106ms (avg: {:.2f}ms per cycle)
22:24:48 [main]  INFO Systems - System TASK_MANAGEMENT stopped
22:24:48 [Thread-40]  INFO ClockingSimulation - ClockingSimulation interrupted after 1 ticks
22:24:48 [Thread-40]  INFO ClockingSimulation - ClockingSimulation stopped after 1 ticks in 106ms (avg: {:.2f}ms per tick)
22:24:48 [main]  INFO Systems - System CLOCKING stopped
22:24:48 [main]  INFO CoreConfiguration - === System Shutdown Complete ===
]]></system-out>
  </testcase>
  <testcase name="testSystemsAfterAutowire" classname="de.fachhochschule.dortmund.bads.CoreConfigurationTest" time="0.003">
    <system-out><![CDATA[22:24:48 [main]  INFO CoreConfiguration - === Starting Core System Autowiring ===
22:24:48 [main]  WARN AGVManagementConfiguration - AGVManagementConfiguration already autowired
22:24:48 [main]  WARN TaskManagementConfiguration - TaskManagementConfiguration already autowired
22:24:48 [main]  WARN StorageManagementConfiguration - StorageManagementConfiguration already autowired
22:24:48 [main]  WARN TruckManagementConfiguration - TruckManagementConfiguration already autowired
22:24:48 [main]  WARN ObservabilityConfiguration - ObservabilityConfiguration already autowired
22:24:48 [main]  INFO CoreConfiguration - All configurations autowired. Initializing systems...
22:24:48 [main]  INFO TaskManagement - TaskManagement initialized with priority-based queue
22:24:48 [main]  INFO Systems - System CLOCKING started
22:24:48 [main]  INFO Systems - System TASK_MANAGEMENT started
22:24:48 [Thread-41]  INFO ClockingSimulation - ClockingSimulation started with 3 registered tickables
22:24:48 [TaskManagement-Thread]  INFO TaskManagement - Task Management System started
22:24:48 [main]  INFO Systems - System STORAGE_MANAGEMENT started
22:24:48 [StorageManagement-Thread]  INFO StorageManagement - Storage Management System started
22:24:48 [main]  INFO Systems - System OBSERVATION started
22:24:48 [Observation-Thread]  INFO Observation - Observation System started
22:24:48 [main]  INFO CoreConfiguration - === Core System Autowiring Complete ===
22:24:48 [main]  INFO CoreConfiguration - Systems running: CLOCKING, AGV_FLEET, TASK_MANAGEMENT, STORAGE_MANAGEMENT, OBSERVATION
22:24:48 [main]  INFO CoreConfiguration - === Initiating System Shutdown ===
22:24:48 [Observation-Thread]  INFO Observation - Observation System interrupted after 1 collection cycles
22:24:48 [Observation-Thread]  INFO Observation - Observation System stopped after 1 collection cycles in 0ms. Total events collected: 1 (avg: {:.2f}ms per cycle)
22:24:48 [main]  INFO Systems - System OBSERVATION stopped
22:24:48 [StorageManagement-Thread]  INFO StorageManagement - Storage Management System interrupted after 1 maintenance cycles
22:24:48 [StorageManagement-Thread]  INFO StorageManagement - Storage Management System stopped after 1 maintenance cycles in 1ms (avg: {:.2f}ms per cycle)
22:24:48 [main]  INFO Systems - System STORAGE_MANAGEMENT stopped
22:24:48 [TaskManagement-Thread]  INFO TaskManagement - Task Management System interrupted after 1 cycles
22:24:48 [TaskManagement-Thread]  INFO TaskManagement - Task Management System stopped after 1 cycles in 1ms (avg: {:.2f}ms per cycle)
22:24:48 [main]  INFO Systems - System TASK_MANAGEMENT stopped
22:24:48 [Thread-41]  INFO ClockingSimulation - ClockingSimulation interrupted after 1 ticks
22:24:48 [Thread-41]  INFO ClockingSimulation - ClockingSimulation stopped after 1 ticks in 2ms (avg: {:.2f}ms per tick)
22:24:48 [main]  INFO Systems - System CLOCKING stopped
22:24:48 [main]  INFO CoreConfiguration - === System Shutdown Complete ===
]]></system-out>
  </testcase>
  <testcase name="testNewArea" classname="de.fachhochschule.dortmund.bads.CoreConfigurationTest" time="0.0"/>
  <testcase name="testNewTask" classname="de.fachhochschule.dortmund.bads.CoreConfigurationTest" time="0.0"/>
  <testcase name="testNewAGV" classname="de.fachhochschule.dortmund.bads.CoreConfigurationTest" time="0.0">
    <system-out><![CDATA[22:24:48 [main]  INFO StorageCell - Created StorageCell - Type: ANY, Max dimensions: 2147483647x2147483647x2147483647, Max volume: 2147483647
22:24:48 [main]  INFO AGV - Created new AGV with ID: AGV-21
]]></system-out>
  </testcase>
  <testcase name="testNewChargingStation" classname="de.fachhochschule.dortmund.bads.CoreConfigurationTest" time="0.0">
    <system-out><![CDATA[22:24:48 [main]  INFO StorageCell - Created StorageCell - Type: CHARGING_STATION, Max dimensions: 0x0x0, Max volume: 0
]]></system-out>
  </testcase>
  <testcase name="testNewBeveragesBox" classname="de.fachhochschule.dortmund.bads.CoreConfigurationTest" time="0.001"/>
  <testcase name="testNewTruck" classname="de.fachhochschule.dortmund.bads.CoreConfigurationTest" time="0.001"/>
</testsuite>