<?xml version="1.0" encoding="UTF-8"?>
<testsuite xmlns:xsi="http://www.w3.org/2001/XMLSchema-instance" xsi:noNamespaceSchemaLocation="https://maven.apache.org/surefire/maven-surefire-plugin/xsd/surefire-test-report-3.0.xsd" version="3.0" name="de.fachhochschule.dortmund.bads.TruckTest" time="0.014" tests="20" errors="0" skipped="0" failures="0">
  <properties>
[...]
</properties>
  <testcase name="testCallCalculatesRoute" classname="de.fachhochschule.dortmund.bads.TruckTest" time="0.001">
    <system-out><![CDATA[22:24:48 [main]  INFO Area - Graph initialized with 25 nodes
22:24:48 [main]  INFO Area - Start position changed from Point[x=0, y=0] to (2, 2)
22:24:48 [main]  INFO StorageCell - Created StorageCell - Type: ANY, Max dimensions: 300x300x300, Max volume: 27000000
22:24:48 [main]  INFO Area - Path found from Point[x=0, y=0] to Point[x=2, y=2] with 5 steps, total distance: 4,00
22:24:48 [main]  INFO Truck - Route calculated with 5 points from Point[x=0, y=0] to Point[x=2, y=2]
]]></system-out>
  </testcase>
  <testcase name="testGetDestinationPoint" classname="de.fachhochschule.dortmund.bads.TruckTest" time="0.001">
    <system-out><![CDATA[22:24:48 [main]  INFO Area - Graph initialized with 25 nodes
22:24:48 [main]  INFO Area - Start position changed from Point[x=0, y=0] to (2, 2)
22:24:48 [main]  INFO StorageCell - Created StorageCell - Type: ANY, Max dimensions: 300x300x300, Max volume: 27000000
]]></system-out>
  </testcase>
  <testcase name="testInvalidTicksPerPointThrowsException" classname="de.fachhochschule.dortmund.bads.TruckTest" time="0.001">
    <system-out><![CDATA[22:24:48 [main]  INFO Area - Graph initialized with 25 nodes
22:24:48 [main]  INFO Area - Start position changed from Point[x=0, y=0] to (2, 2)
22:24:48 [main]  INFO StorageCell - Created StorageCell - Type: ANY, Max dimensions: 300x300x300, Max volume: 27000000
]]></system-out>
  </testcase>
  <testcase name="testGetRoute" classname="de.fachhochschule.dortmund.bads.TruckTest" time="0.0">
    <system-out><![CDATA[22:24:48 [main]  INFO Area - Graph initialized with 25 nodes
22:24:48 [main]  INFO Area - Start position changed from Point[x=0, y=0] to (2, 2)
22:24:48 [main]  INFO StorageCell - Created StorageCell - Type: ANY, Max dimensions: 300x300x300, Max volume: 27000000
22:24:48 [main]  INFO Area - Path found from Point[x=0, y=0] to Point[x=1, y=0] with 2 steps, total distance: 1,00
22:24:48 [main]  INFO Truck - Route calculated with 2 points from Point[x=0, y=0] to Point[x=1, y=0]
]]></system-out>
  </testcase>
  <testcase name="testSetTicksPerPointInRoute" classname="de.fachhochschule.dortmund.bads.TruckTest" time="0.0">
    <system-out><![CDATA[22:24:48 [main]  INFO Area - Graph initialized with 25 nodes
22:24:48 [main]  INFO Area - Start position changed from Point[x=0, y=0] to (2, 2)
22:24:48 [main]  INFO StorageCell - Created StorageCell - Type: ANY, Max dimensions: 300x300x300, Max volume: 27000000
22:24:48 [main]  INFO Truck - Truck movement speed changed from 1 to 5 ticks per route point
]]></system-out>
  </testcase>
  <testcase name="testSetInventoryCell" classname="de.fachhochschule.dortmund.bads.TruckTest" time="0.0">
    <system-out><![CDATA[22:24:48 [main]  INFO Area - Graph initialized with 25 nodes
22:24:48 [main]  INFO Area - Start position changed from Point[x=0, y=0] to (2, 2)
22:24:48 [main]  INFO StorageCell - Created StorageCell - Type: ANY, Max dimensions: 300x300x300, Max volume: 27000000
22:24:48 [main]  INFO StorageCell - Created StorageCell - Type: ANY, Max dimensions: 400x400x400, Max volume: 64000000
]]></system-out>
  </testcase>
  <testcase name="testSetDifferentRoutes" classname="de.fachhochschule.dortmund.bads.TruckTest" time="0.001">
    <system-out><![CDATA[22:24:48 [main]  INFO Area - Graph initialized with 25 nodes
22:24:48 [main]  INFO Area - Start position changed from Point[x=0, y=0] to (2, 2)
22:24:48 [main]  INFO StorageCell - Created StorageCell - Type: ANY, Max dimensions: 300x300x300, Max volume: 27000000
]]></system-out>
  </testcase>
  <testcase name="testTruckCreation" classname="de.fachhochschule.dortmund.bads.TruckTest" time="0.001">
    <system-out><![CDATA[22:24:48 [main]  INFO Area - Graph initialized with 25 nodes
22:24:48 [main]  INFO Area - Start position changed from Point[x=0, y=0] to (2, 2)
22:24:48 [main]  INFO StorageCell - Created StorageCell - Type: ANY, Max dimensions: 300x300x300, Max volume: 27000000
]]></system-out>
  </testcase>
  <testcase name="testGetStartPoint" classname="de.fachhochschule.dortmund.bads.TruckTest" time="0.0">
    <system-out><![CDATA[22:24:48 [main]  INFO Area - Graph initialized with 25 nodes
22:24:48 [main]  INFO Area - Start position changed from Point[x=0, y=0] to (2, 2)
22:24:48 [main]  INFO StorageCell - Created StorageCell - Type: ANY, Max dimensions: 300x300x300, Max volume: 27000000
]]></system-out>
  </testcase>
  <testcase name="testGetQuantity" classname="de.fachhochschule.dortmund.bads.TruckTest" time="0.0">
    <system-out><![CDATA[22:24:48 [main]  INFO Area - Graph initialized with 25 nodes
22:24:48 [main]  INFO Area - Start position changed from Point[x=0, y=0] to (2, 2)
22:24:48 [main]  INFO StorageCell - Created StorageCell - Type: ANY, Max dimensions: 300x300x300, Max volume: 27000000
]]></system-out>
  </testcase>
  <testcase name="testCallWithoutDestinationPoint" classname="de.fachhochschule.dortmund.bads.TruckTest" time="0.001">
    <system-out><![CDATA[22:24:48 [main]  INFO Area - Graph initialized with 25 nodes
22:24:48 [main]  INFO Area - Start position changed from Point[x=0, y=0] to (2, 2)
22:24:48 [main]  INFO StorageCell - Created StorageCell - Type: ANY, Max dimensions: 300x300x300, Max volume: 27000000
22:24:48 [main]  WARN Truck - Cannot calculate route - start point: Point[x=0, y=0], destination point: null
]]></system-out>
  </testcase>
  <testcase name="testGetCurrentLocationIdx" classname="de.fachhochschule.dortmund.bads.TruckTest" time="0.001">
    <system-out><![CDATA[22:24:48 [main]  INFO Area - Graph initialized with 25 nodes
22:24:48 [main]  INFO Area - Start position changed from Point[x=0, y=0] to (2, 2)
22:24:48 [main]  INFO StorageCell - Created StorageCell - Type: ANY, Max dimensions: 300x300x300, Max volume: 27000000
]]></system-out>
  </testcase>
  <testcase name="testMovementToDestination" classname="de.fachhochschule.dortmund.bads.TruckTest" time="0.001">
    <system-out><![CDATA[22:24:48 [main]  INFO Area - Graph initialized with 25 nodes
22:24:48 [main]  INFO Area - Start position changed from Point[x=0, y=0] to (2, 2)
22:24:48 [main]  INFO StorageCell - Created StorageCell - Type: ANY, Max dimensions: 300x300x300, Max volume: 27000000
22:24:48 [main]  INFO Area - Path found from Point[x=0, y=0] to Point[x=1, y=0] with 2 steps, total distance: 1,00
22:24:48 [main]  INFO Truck - Route calculated with 2 points from Point[x=0, y=0] to Point[x=1, y=0]
]]></system-out>
  </testcase>
  <testcase name="testGetInventoryCell" classname="de.fachhochschule.dortmund.bads.TruckTest" time="0.0">
    <system-out><![CDATA[22:24:48 [main]  INFO Area - Graph initialized with 25 nodes
22:24:48 [main]  INFO Area - Start position changed from Point[x=0, y=0] to (2, 2)
22:24:48 [main]  INFO StorageCell - Created StorageCell - Type: ANY, Max dimensions: 300x300x300, Max volume: 27000000
]]></system-out>
  </testcase>
  <testcase name="testSetDestinationPoint" classname="de.fachhochschule.dortmund.bads.TruckTest" time="0.001">
    <system-out><![CDATA[22:24:48 [main]  INFO Area - Graph initialized with 25 nodes
22:24:48 [main]  INFO Area - Start position changed from Point[x=0, y=0] to (2, 2)
22:24:48 [main]  INFO StorageCell - Created StorageCell - Type: ANY, Max dimensions: 300x300x300, Max volume: 27000000
]]></system-out>
  </testcase>
  <testcase name="testSetStartPoint" classname="de.fachhochschule.dortmund.bads.TruckTest" time="0.0">
    <system-out><![CDATA[22:24:48 [main]  INFO Area - Graph initialized with 25 nodes
22:24:48 [main]  INFO Area - Start position changed from Point[x=0, y=0] to (2, 2)
22:24:48 [main]  INFO StorageCell - Created StorageCell - Type: ANY, Max dimensions: 300x300x300, Max volume: 27000000
]]></system-out>
  </testcase>
  <testcase name="testGetTicksPerPointInRoute" classname="de.fachhochschule.dortmund.bads.TruckTest" time="0.0">
    <system-out><![CDATA[22:24:48 [main]  INFO Area - Graph initialized with 25 nodes
22:24:48 [main]  INFO Area - Start position changed from Point[x=0, y=0] to (2, 2)
22:24:48 [main]  INFO StorageCell - Created StorageCell - Type: ANY, Max dimensions: 300x300x300, Max volume: 27000000
]]></system-out>
  </testcase>
  <testcase name="testCallWithoutStartPoint" classname="de.fachhochschule.dortmund.bads.TruckTest" time="0.0">
    <system-out><![CDATA[22:24:48 [main]  INFO Area - Graph initialized with 25 nodes
22:24:48 [main]  INFO Area - Start position changed from Point[x=0, y=0] to (2, 2)
22:24:48 [main]  INFO StorageCell - Created StorageCell - Type: ANY, Max dimensions: 300x300x300, Max volume: 27000000
22:24:48 [main]  WARN Truck - Cannot calculate route - start point: null, destination point: Point[x=2, y=2]
22:24:48 [main]  WARN Truck - Cannot calculate route - start point: null, destination point: Point[x=2, y=2]
]]></system-out>
  </testcase>
  <testcase name="testRouteDescriptions" classname="de.fachhochschule.dortmund.bads.TruckTest" time="0.0">
    <system-out><![CDATA[22:24:48 [main]  INFO Area - Graph initialized with 25 nodes
22:24:48 [main]  INFO Area - Start position changed from Point[x=0, y=0] to (2, 2)
22:24:48 [main]  INFO StorageCell - Created StorageCell - Type: ANY, Max dimensions: 300x300x300, Max volume: 27000000
22:24:48 [main]  INFO Area - Path found from Point[x=0, y=0] to Point[x=1, y=1] with 3 steps, total distance: 2,00
22:24:48 [main]  INFO Truck - Route calculated with 3 points from Point[x=0, y=0] to Point[x=1, y=1]
]]></system-out>
  </testcase>
  <testcase name="testOnTick" classname="de.fachhochschule.dortmund.bads.TruckTest" time="0.0">
    <system-out><![CDATA[22:24:48 [main]  INFO Area - Graph initialized with 25 nodes
22:24:48 [main]  INFO Area - Start position changed from Point[x=0, y=0] to (2, 2)
22:24:48 [main]  INFO StorageCell - Created StorageCell - Type: ANY, Max dimensions: 300x300x300, Max volume: 27000000
22:24:48 [main]  INFO Area - Path found from Point[x=0, y=0] to Point[x=2, y=2] with 5 steps, total distance: 4,00
22:24:48 [main]  INFO Truck - Route calculated with 5 points from Point[x=0, y=0] to Point[x=2, y=2]
]]></system-out>
  </testcase>
</testsuite>