<?xml version="1.0" encoding="UTF-8"?>
<testsuite xmlns:xsi="http://www.w3.org/2001/XMLSchema-instance" xsi:noNamespaceSchemaLocation="https://maven.apache.org/surefire/maven-surefire-plugin/xsd/surefire-test-report-3.0.xsd" version="3.0" name="de.fachhochschule.dortmund.bads.ProcessTest" time="0.592" tests="14" errors="0" skipped="0" failures="0">
  <properties>
[...]
</properties>
  <testcase name="testProcessDurationWithNoOperations" classname="de.fachhochschule.dortmund.bads.ProcessTest" time="0.001">
    <system-out><![CDATA[22:24:47 [main]  INFO ClockingSimulation - ClockingSimulation toggled from RUNNING to STOPPED
]]></system-out>
  </testcase>
  <testcase name="testProcessOperationsInterruption" classname="de.fachhochschule.dortmund.bads.ProcessTest" time="0.108">
    <system-out><![CDATA[22:24:47 [Thread-25]  INFO Process - Starting process operations with 1 operations
22:24:47 [Thread-25]  WARN Process - AGV Task Dispatcher not initialized - AGVs will not move for this task
22:24:47 [Thread-25] ERROR Process - Process operations interrupted: null
java.lang.InterruptedException
	at java.base/java.util.concurrent.FutureTask.awaitDone(FutureTask.java:482)
	at java.base/java.util.concurrent.FutureTask.get(FutureTask.java:192)
	at java.base/java.util.concurrent.AbstractExecutorService.invokeAll(AbstractExecutorService.java:276)
	at de.fachhochschule.dortmund.bads.systems.Process.processOperations(Process.java:121)
	at de.fachhochschule.dortmund.bads.ProcessTest.lambda$testProcessOperationsInterruption$0(ProcessTest.java:345)
	at java.base/java.lang.Thread.run(Thread.java:1474)
22:24:47 [Thread-25]  WARN Process - Interrupted while waiting for executor termination: null
22:24:47 [main]  INFO ClockingSimulation - ClockingSimulation toggled from RUNNING to STOPPED
]]></system-out>
    <system-err><![CDATA[Exception in thread "Thread-25" de.fachhochschule.dortmund.bads.exceptions.ProcessExecutionException: Process execution was interrupted
	at de.fachhochschule.dortmund.bads.systems.Process.processOperations(Process.java:132)
	at de.fachhochschule.dortmund.bads.ProcessTest.lambda$testProcessOperationsInterruption$0(ProcessTest.java:345)
	at java.base/java.lang.Thread.run(Thread.java:1474)
Caused by: java.lang.InterruptedException
	at java.base/java.util.concurrent.FutureTask.awaitDone(FutureTask.java:482)
	at java.base/java.util.concurrent.FutureTask.get(FutureTask.java:192)
	at java.base/java.util.concurrent.AbstractExecutorService.invokeAll(AbstractExecutorService.java:276)
	at de.fachhochschule.dortmund.bads.systems.Process.processOperations(Process.java:121)
	... 2 more
]]></system-err>
  </testcase>
  <testcase name="testAddOperation" classname="de.fachhochschule.dortmund.bads.ProcessTest" time="0.001">
    <system-out><![CDATA[22:24:47 [main]  INFO ClockingSimulation - ClockingSimulation toggled from RUNNING to STOPPED
]]></system-out>
  </testcase>
  <testcase name="testProcessOperationsWithSingleResource" classname="de.fachhochschule.dortmund.bads.ProcessTest" time="0.055">
    <system-out><![CDATA[22:24:47 [main]  INFO Process - Starting process operations with 1 operations
22:24:47 [main]  WARN Process - AGV Task Dispatcher not initialized - AGVs will not move for this task
22:24:47 [main]  INFO Process - Successfully submitted all operations to executor service
22:24:47 [main]  INFO Process - Process operations completed successfully in 54ms
22:24:47 [main]  INFO ClockingSimulation - ClockingSimulation toggled from RUNNING to STOPPED
]]></system-out>
  </testcase>
  <testcase name="testProcessOperationsWithNoOperations" classname="de.fachhochschule.dortmund.bads.ProcessTest" time="0.003">
    <system-out><![CDATA[22:24:47 [main]  INFO ClockingSimulation - ClockingSimulation toggled from RUNNING to STOPPED
]]></system-out>
  </testcase>
  <testcase name="testProcessCreation" classname="de.fachhochschule.dortmund.bads.ProcessTest" time="0.001">
    <system-out><![CDATA[22:24:47 [main]  INFO ClockingSimulation - ClockingSimulation toggled from RUNNING to STOPPED
]]></system-out>
  </testcase>
  <testcase name="testProcessDurationWithMultipleOperations" classname="de.fachhochschule.dortmund.bads.ProcessTest" time="0.102">
    <system-out><![CDATA[22:24:47 [main]  INFO ClockingSimulation - ClockingSimulation toggled from RUNNING to STOPPED
]]></system-out>
  </testcase>
  <testcase name="testAddMultipleOperations" classname="de.fachhochschule.dortmund.bads.ProcessTest" time="0.0">
    <system-out><![CDATA[22:24:47 [main]  INFO ClockingSimulation - ClockingSimulation toggled from RUNNING to STOPPED
]]></system-out>
  </testcase>
  <testcase name="testProcessOperationsConcurrency" classname="de.fachhochschule.dortmund.bads.ProcessTest" time="0.027">
    <system-out><![CDATA[22:24:47 [main]  INFO Process - Starting process operations with 10 operations
22:24:47 [main]  WARN Process - AGV Task Dispatcher not initialized - AGVs will not move for this task
22:24:47 [main]  INFO Process - Successfully submitted all operations to executor service
22:24:47 [main]  INFO Process - Process operations completed successfully in 26ms
22:24:47 [main]  INFO ClockingSimulation - ClockingSimulation toggled from RUNNING to STOPPED
]]></system-out>
  </testcase>
  <testcase name="testProcessOperationsWithException" classname="de.fachhochschule.dortmund.bads.ProcessTest" time="0.014">
    <system-out><![CDATA[22:24:47 [main]  INFO Process - Starting process operations with 1 operations
22:24:47 [main]  WARN Process - AGV Task Dispatcher not initialized - AGVs will not move for this task
22:24:47 [main]  INFO Process - Successfully submitted all operations to executor service
22:24:47 [main]  INFO Process - Process operations completed successfully in 11ms
22:24:47 [main]  INFO ClockingSimulation - ClockingSimulation toggled from RUNNING to STOPPED
]]></system-out>
  </testcase>
  <testcase name="testProcessOperationsWithMultipleResources" classname="de.fachhochschule.dortmund.bads.ProcessTest" time="0.057">
    <system-out><![CDATA[22:24:47 [main]  INFO Process - Starting process operations with 2 operations
22:24:47 [main]  WARN Process - AGV Task Dispatcher not initialized - AGVs will not move for this task
22:24:47 [main]  INFO Process - Successfully submitted all operations to executor service
22:24:47 [main]  INFO Process - Process operations completed successfully in 55ms
22:24:47 [main]  INFO ClockingSimulation - ClockingSimulation toggled from RUNNING to STOPPED
]]></system-out>
  </testcase>
  <testcase name="testProcessDurationWithSingleOperation" classname="de.fachhochschule.dortmund.bads.ProcessTest" time="0.107">
    <system-out><![CDATA[22:24:47 [main]  INFO ClockingSimulation - ClockingSimulation toggled from RUNNING to STOPPED
]]></system-out>
  </testcase>
  <testcase name="testProcessOperationsTimeout" classname="de.fachhochschule.dortmund.bads.ProcessTest" time="0.107">
    <system-out><![CDATA[22:24:47 [main]  INFO Process - Starting process operations with 1 operations
22:24:47 [main]  WARN Process - AGV Task Dispatcher not initialized - AGVs will not move for this task
22:24:48 [main]  INFO Process - Successfully submitted all operations to executor service
22:24:48 [main]  INFO Process - Process operations completed successfully in 105ms
22:24:48 [main]  INFO ClockingSimulation - ClockingSimulation toggled from RUNNING to STOPPED
]]></system-out>
  </testcase>
  <testcase name="testGetOperationOutOfBounds" classname="de.fachhochschule.dortmund.bads.ProcessTest" time="0.002">
    <system-out><![CDATA[22:24:48 [main]  INFO ClockingSimulation - ClockingSimulation toggled from RUNNING to STOPPED
]]></system-out>
  </testcase>
</testsuite>