<?xml version="1.0" encoding="UTF-8"?>
<testsuite xmlns:xsi="http://www.w3.org/2001/XMLSchema-instance" xsi:noNamespaceSchemaLocation="https://maven.apache.org/surefire/maven-surefire-plugin/xsd/surefire-test-report-3.0.xsd" version="3.0" name="de.fachhochschule.dortmund.bads.systems.logic.ArchiveManagerTest" time="0.267" tests="12" errors="0" skipped="0" failures="0">
  <properties>
[...]
</properties>
  <testcase name="testSubmitCommand" classname="de.fachhochschule.dortmund.bads.systems.logic.ArchiveManagerTest" time="0.024">
    <system-out><![CDATA[22:24:49 [ArchiveManager-Thread]  INFO ArchiveManager - Thread started
22:24:49 [ArchiveManager-Thread]  INFO ArchiveManager - Shutdown command received
22:24:49 [ArchiveManager-Thread]  INFO ArchiveManager - Thread stopped
]]></system-out>
  </testcase>
  <testcase name="testSearchInLogsNoMatches" classname="de.fachhochschule.dortmund.bads.systems.logic.ArchiveManagerTest" time="0.006">
    <system-out><![CDATA[22:24:49 [main]  INFO ArchiveManager - Searching with pattern: ERROR
22:24:49 [main]  INFO ArchiveManager - Found 0 match(es) in 0 file(s) in 2ms
]]></system-out>
  </testcase>
  <testcase name="testArchiveLogsNoFiles" classname="de.fachhochschule.dortmund.bads.systems.logic.ArchiveManagerTest" time="0.002">
    <system-out><![CDATA[22:24:49 [main]  INFO ArchiveManager - Archiving logs for: 2000-01-01
22:24:49 [main]  INFO ArchiveManager - No files for date: 2000-01-01
]]></system-out>
  </testcase>
  <testcase name="testThreadStartAndStop" classname="de.fachhochschule.dortmund.bads.systems.logic.ArchiveManagerTest" time="0.001">
    <system-out><![CDATA[22:24:49 [main]  INFO ArchiveManager - Shutdown requested
22:24:49 [ArchiveManager-Thread]  INFO ArchiveManager - Thread started
22:24:49 [ArchiveManager-Thread]  INFO ArchiveManager - Thread stopped
]]></system-out>
  </testcase>
  <testcase name="testArchiveLogsByDate" classname="de.fachhochschule.dortmund.bads.systems.logic.ArchiveManagerTest" time="0.005">
    <system-out><![CDATA[22:24:49 [main]  INFO ArchiveManager - Archiving logs for: 2025-11-14
22:24:49 [main]  INFO ArchiveManager - Archived 2 file(s) in 2ms
]]></system-out>
  </testcase>
  <testcase name="testMultipleCommands" classname="de.fachhochschule.dortmund.bads.systems.logic.ArchiveManagerTest" time="0.209">
    <system-out><![CDATA[22:24:49 [ArchiveManager-Thread]  INFO ArchiveManager - Thread started
22:24:49 [ArchiveManager-Thread]  INFO ArchiveManager - Archiving logs for: 2025-11-14
22:24:49 [ArchiveManager-Thread]  INFO ArchiveManager - Archived 1 file(s) in 2ms
22:24:49 [main]  INFO ArchiveManager - Shutdown requested
22:24:49 [ArchiveManager-Thread]  INFO ArchiveManager - Shutdown command received
22:24:49 [ArchiveManager-Thread]  INFO ArchiveManager - Thread stopped
]]></system-out>
  </testcase>
  <testcase name="testShutdown" classname="de.fachhochschule.dortmund.bads.systems.logic.ArchiveManagerTest" time="0.003">
    <system-out><![CDATA[22:24:49 [main]  INFO ArchiveManager - Shutdown requested
22:24:49 [ArchiveManager-Thread]  INFO ArchiveManager - Thread started
22:24:49 [ArchiveManager-Thread]  INFO ArchiveManager - Thread stopped
]]></system-out>
  </testcase>
  <testcase name="testSearchInLogs" classname="de.fachhochschule.dortmund.bads.systems.logic.ArchiveManagerTest" time="0.004">
    <system-out><![CDATA[22:24:49 [main]  INFO ArchiveManager - Searching with pattern: ERROR
22:24:49 [main]  INFO ArchiveManager - Found 1 match(es) in 1 file(s) in 1ms
]]></system-out>
  </testcase>
  <testcase name="testDearchiveNonExistentZip" classname="de.fachhochschule.dortmund.bads.systems.logic.ArchiveManagerTest" time="0.002">
    <system-out><![CDATA[22:24:49 [main]  INFO ArchiveManager - De-archiving: nonexistent.zip
]]></system-out>
  </testcase>
  <testcase name="testArchiveLogsInvalidDirectory" classname="de.fachhochschule.dortmund.bads.systems.logic.ArchiveManagerTest" time="0.002">
    <system-out><![CDATA[22:24:49 [main]  INFO ArchiveManager - Archiving logs for: 2025-11-14
]]></system-out>
  </testcase>
  <testcase name="testDearchiveZipFile" classname="de.fachhochschule.dortmund.bads.systems.logic.ArchiveManagerTest" time="0.004">
    <system-out><![CDATA[22:24:49 [main]  INFO ArchiveManager - Archiving logs for: 2025-11-14
22:24:49 [main]  INFO ArchiveManager - Archived 1 file(s) in 1ms
22:24:49 [main]  INFO ArchiveManager - De-archiving: logs_2025-11-14.zip
22:24:49 [main]  INFO ArchiveManager - Extracted 1 file(s) in 1ms
]]></system-out>
  </testcase>
  <testcase name="testConstructor" classname="de.fachhochschule.dortmund.bads.systems.logic.ArchiveManagerTest" time="0.001"/>
</testsuite>